<?xml version="1.0" encoding="UTF-8"?>
<testsuite name="TestRunners.CLC_TestRunner" tests="1" skipped="0" failures="0" errors="0" timestamp="2023-01-05T19:02:53" hostname="DESKTOP-6G0HKUV" time="3.114">
  <properties/>
  <testcase name="doSum" classname="TestRunners.CLC_TestRunner" time="3.114"/>
  <system-out><![CDATA[6
]]></system-out>
  <system-err><![CDATA[]]></system-err>
</testsuite>
